<?xml version="1.0" encoding="UTF-8"?>
<!-- Generated by org.testng.reporters.JUnitReportReporter -->
<testsuite hostname="PPP-PC" name="anttest.helloworld" tests="1" failures="0" timestamp="17 Oct 2014 11:54:21 GMT" time="0.010" errors="0">
  <testcase name="testecho" time="0.010" classname="anttest.helloworld"/>
</testsuite> <!-- anttest.helloworld -->
